--- Startup times for process: Primary (or UI client) ---

times in msec
 clock   self+sourced   self:  sourced script
 clock   elapsed:              other lines

000.001  000.001: --- NVIM STARTING ---
001.326  001.325: event init
003.297  001.971: early init
003.851  000.553: locale set
005.399  001.548: init first window
008.528  003.129: inits 1
008.533  000.005: window checked
008.534  000.002: parsing arguments
010.407  000.212  000.212: require('vim.shared')
010.499  000.031  000.031: require('vim.inspect')
010.535  000.029  000.029: require('vim._options')
010.537  000.127  000.067: require('vim._editor')
010.538  000.447  000.107: require('vim._init_packages')
010.540  001.559: init lua interpreter
013.920  003.380: nvim_ui_attach
014.244  000.323: nvim_set_client_info
014.245  000.002: --- NVIM STARTED ---

--- Startup times for process: Embedded ---

times in msec
 clock   self+sourced   self:  sourced script
 clock   elapsed:              other lines

000.000  000.000: --- NVIM STARTING ---
000.072  000.072: event init
000.170  000.097: early init
000.382  000.212: locale set
000.408  000.026: init first window
000.749  000.341: inits 1
000.761  000.012: window checked
000.762  000.002: parsing arguments
001.120  000.032  000.032: require('vim.shared')
001.186  000.027  000.027: require('vim.inspect')
001.217  000.025  000.025: require('vim._options')
001.219  000.097  000.044: require('vim._editor')
001.220  000.149  000.021: require('vim._init_packages')
001.221  000.310: init lua interpreter
002.929  001.708: expanding arguments
003.145  000.215: inits 2
003.852  000.708: init highlight
003.854  000.001: waiting for UI
004.371  000.517: done waiting for UI
004.400  000.029: clear screen
004.988  000.008  000.008: require('vim.keymap')
006.844  000.190  000.190: sourcing nvim_exec2()
007.316  002.913  002.715: require('vim._defaults')
007.317  000.003: init default mappings & autocommands
007.381  000.064: --cmd commands
008.719  000.300  000.300: sourcing /nix/store/5f17cq0qjg5f8rrpxhwmxpar9vm6l7ah-neovim-unwrapped-0.11.5/share/nvim/runtime/ftplugin.vim
008.914  000.127  000.127: sourcing /nix/store/5f17cq0qjg5f8rrpxhwmxpar9vm6l7ah-neovim-unwrapped-0.11.5/share/nvim/runtime/indent.vim
011.481  000.004  000.004: require('vim.F')
011.504  001.561  001.558: require('vim.diagnostic')
012.375  000.718  000.718: require('lazy')
012.667  000.023  000.023: require('ffi')
012.725  000.044  000.044: require('vim.fs')
013.004  000.276  000.276: require('vim.uri')
013.014  000.345  000.025: require('vim.loader')
013.496  000.456  000.456: require('lazy.stats')
014.031  000.480  000.480: require('lazy.core.util')
014.235  000.202  000.202: require('lazy.core.config')
014.763  000.275  000.275: require('lazy.core.handler')
015.224  000.121  000.121: require('lazy.pkg')
015.227  000.260  000.138: require('lazy.core.meta')
015.231  000.467  000.207: require('lazy.core.plugin')
015.235  000.999  000.258: require('lazy.core.loader')
015.720  000.148  000.148: require('lazy.core.fragments')
017.035  000.161  000.161: require('lazy.core.handler.event')
017.165  000.128  000.128: require('lazy.core.handler.ft')
017.323  000.156  000.156: require('lazy.core.handler.cmd')
017.477  000.152  000.152: require('lazy.core.handler.keys')
017.569  000.003  000.003: sourcing nvim_exec2() called at /Users/bubba/devbox/.devbox/nvim/config/nvim/init.lua:0
017.577  000.001  000.001: sourcing nvim_exec2() called at /Users/bubba/devbox/.devbox/nvim/config/nvim/init.lua:0
018.056  000.148  000.148: sourcing nvim_exec2() called at /nix/store/5f17cq0qjg5f8rrpxhwmxpar9vm6l7ah-neovim-unwrapped-0.11.5/share/nvim/runtime/filetype.lua:0
018.058  000.358  000.210: sourcing /nix/store/5f17cq0qjg5f8rrpxhwmxpar9vm6l7ah-neovim-unwrapped-0.11.5/share/nvim/runtime/filetype.lua
018.060  000.411  000.052: sourcing nvim_exec2() called at /Users/bubba/devbox/.devbox/nvim/config/nvim/init.lua:0
018.139  000.001  000.001: sourcing nvim_exec2() called at /Users/bubba/devbox/.devbox/nvim/config/nvim/init.lua:0
018.143  000.001  000.001: sourcing nvim_exec2() called at /Users/bubba/devbox/.devbox/nvim/config/nvim/init.lua:0
019.000  000.180  000.180: require('tokyonight.config')
019.002  000.857  000.676: require('tokyonight')
020.050  000.168  000.168: require('tokyonight.theme')
020.499  000.171  000.171: require('tokyonight.util')
020.501  000.384  000.213: require('tokyonight.colors')
020.894  000.161  000.161: require('tokyonight.colors.storm')
021.097  000.168  000.168: require('tokyonight.hsluv')
021.639  000.257  000.257: require('tokyonight.groups')
022.679  003.016  001.878: sourcing /Users/bubba/devbox/.devbox/nvim/data/nvim/lazy/tokyonight.nvim/colors/tokyonight-night.lua
024.552  000.162  000.162: require('vim.treesitter.language')
024.815  000.261  000.261: require('vim.func')
025.098  000.281  000.281: require('vim.func._memoize')
025.131  001.147  000.443: require('vim.treesitter.query')
025.253  000.120  000.120: require('vim.treesitter._range')
025.261  001.974  000.707: require('vim.treesitter.languagetree')
025.265  002.241  000.267: require('vim.treesitter')
025.349  002.527  000.286: sourcing /Users/bubba/devbox/.devbox/nvim/data/nvim/lazy/nvim-treesitter/plugin/filetypes.lua
025.352  002.581  000.055: sourcing nvim_exec2() called at /Users/bubba/devbox/.devbox/nvim/config/nvim/init.lua:0
025.563  000.155  000.155: sourcing /Users/bubba/devbox/.devbox/nvim/data/nvim/lazy/nvim-treesitter/plugin/nvim-treesitter.lua
025.565  000.204  000.049: sourcing nvim_exec2() called at /Users/bubba/devbox/.devbox/nvim/config/nvim/init.lua:0
025.734  000.120  000.120: sourcing /Users/bubba/devbox/.devbox/nvim/data/nvim/lazy/nvim-treesitter/plugin/query_predicates.lua
025.736  000.166  000.046: sourcing nvim_exec2() called at /Users/bubba/devbox/.devbox/nvim/config/nvim/init.lua:0
025.741  000.001  000.001: sourcing nvim_exec2() called at /Users/bubba/devbox/.devbox/nvim/config/nvim/init.lua:0
025.747  000.001  000.001: sourcing nvim_exec2() called at /Users/bubba/devbox/.devbox/nvim/config/nvim/init.lua:0
026.959  000.002  000.002: sourcing nvim_exec2() called at /Users/bubba/devbox/.devbox/nvim/config/nvim/init.lua:0
026.964  000.001  000.001: sourcing nvim_exec2() called at /Users/bubba/devbox/.devbox/nvim/config/nvim/init.lua:0
027.766  000.799  000.799: require('mini.ai')
028.656  000.713  000.713: require('mini.surround')
030.219  000.444  000.444: require('mini.statusline')
030.309  000.003  000.003: sourcing nvim_exec2() called at /Users/bubba/devbox/.devbox/nvim/config/nvim/init.lua:0
030.318  000.001  000.001: sourcing nvim_exec2() called at /Users/bubba/devbox/.devbox/nvim/config/nvim/init.lua:0
031.018  000.332  000.332: require('gitsigns')
031.271  000.229  000.229: require('gitsigns.highlight')
031.406  000.122  000.122: require('gitsigns.debug.log')
031.622  000.215  000.215: require('gitsigns.config')
031.959  000.114  000.114: require('gitsigns.debounce')
031.965  001.377  000.366: sourcing /Users/bubba/devbox/.devbox/nvim/data/nvim/lazy/gitsigns.nvim/plugin/gitsigns.lua
031.967  001.432  000.055: sourcing nvim_exec2() called at /Users/bubba/devbox/.devbox/nvim/config/nvim/init.lua:0
031.971  000.001  000.001: sourcing nvim_exec2() called at /Users/bubba/devbox/.devbox/nvim/config/nvim/init.lua:0
031.976  000.001  000.001: sourcing nvim_exec2() called at /Users/bubba/devbox/.devbox/nvim/config/nvim/init.lua:0
032.224  000.001  000.001: sourcing nvim_exec2() called at /Users/bubba/devbox/.devbox/nvim/config/nvim/init.lua:0
032.229  000.001  000.001: sourcing nvim_exec2() called at /Users/bubba/devbox/.devbox/nvim/config/nvim/init.lua:0
032.923  000.145  000.145: require('mason-core.path')
033.435  000.168  000.168: require('mason-core.functional.data')
033.575  000.139  000.139: require('mason-core.functional.function')
033.764  000.185  000.185: require('mason-core.functional.list')
033.918  000.149  000.149: require('mason-core.functional.relation')
034.065  000.145  000.145: require('mason-core.functional.logic')
034.210  000.143  000.143: require('mason-core.functional.number')
034.398  000.186  000.186: require('mason-core.functional.string')
034.536  000.135  000.135: require('mason-core.functional.table')
034.671  000.133  000.133: require('mason-core.functional.type')
034.673  001.558  000.174: require('mason-core.functional')
034.695  001.771  000.213: require('mason-core.platform')
034.840  000.144  000.144: require('mason.settings')
034.842  002.219  000.158: require('mason-core.installer.InstallLocation')
035.344  000.189  000.189: require('mason-core.log')
035.346  000.321  000.132: require('mason-core.EventEmitter')
035.498  000.151  000.151: require('mason-registry.sources')
035.500  000.657  000.185: require('mason-registry')
035.502  003.244  000.367: require('mason')
035.731  000.197  000.197: require('mason.api.command')
035.765  000.001  000.001: sourcing nvim_exec2() called at /Users/bubba/devbox/.devbox/nvim/config/nvim/init.lua:0
035.769  000.001  000.001: sourcing nvim_exec2() called at /Users/bubba/devbox/.devbox/nvim/config/nvim/init.lua:0
036.149  000.133  000.133: sourcing /Users/bubba/devbox/.devbox/nvim/data/nvim/lazy/mason-tool-installer.nvim/plugin/mason-tool-installer.lua
036.151  000.181  000.048: sourcing nvim_exec2() called at /Users/bubba/devbox/.devbox/nvim/config/nvim/init.lua:0
036.154  000.001  000.001: sourcing nvim_exec2() called at /Users/bubba/devbox/.devbox/nvim/config/nvim/init.lua:0
036.158  000.001  000.001: sourcing nvim_exec2() called at /Users/bubba/devbox/.devbox/nvim/config/nvim/init.lua:0
036.301  000.001  000.001: sourcing nvim_exec2() called at /Users/bubba/devbox/.devbox/nvim/config/nvim/init.lua:0
036.313  000.001  000.001: sourcing nvim_exec2() called at /Users/bubba/devbox/.devbox/nvim/config/nvim/init.lua:0
037.219  000.142  000.142: require('fidget.spinner.patterns')
037.220  000.272  000.130: require('fidget.spinner')
037.527  000.138  000.138: require('fidget.health')
037.528  000.306  000.168: require('fidget.options')
037.531  000.719  000.141: require('fidget.progress.display')
037.847  000.142  000.142: require('fidget.logger')
038.433  000.113  000.113: require('vim.lsp.log')
038.830  000.395  000.395: require('vim.lsp.protocol')
039.192  000.361  000.361: require('vim.lsp.util')
039.476  000.130  000.130: require('vim.lsp.sync')
039.484  000.290  000.160: require('vim.lsp._changetracking')
039.833  000.123  000.123: require('vim.lsp._transport')
039.841  000.356  000.233: require('vim.lsp.rpc')
039.885  002.037  000.522: require('vim.lsp')
040.342  000.214  000.214: require('vim.lsp.completion')
040.376  000.490  000.277: require('vim.lsp.handlers')
040.379  002.847  000.179: require('fidget.progress.lsp')
040.825  000.120  000.120: require('fidget.poll')
040.828  000.236  000.116: require('fidget.notification.model')
041.060  000.232  000.232: require('fidget.notification.window')
041.255  000.194  000.194: require('fidget.notification.view')
041.292  000.807  000.145: require('fidget.notification')
041.293  000.913  000.107: require('fidget.progress.handle')
041.325  004.693  000.214: require('fidget.progress')
041.695  000.368  000.368: require('fidget.commands')
041.921  000.113  000.113: require('fidget.integration.nvim-tree')
042.018  000.096  000.096: require('fidget.integration.xcodebuild-nvim')
042.032  000.336  000.127: require('fidget.integration')
042.045  005.720  000.323: require('fidget')
043.145  000.730  000.730: require('vim.filetype')
044.017  000.106  000.106: require('luasnip.util.types')
044.019  000.220  000.113: require('luasnip.util.ext_opts')
044.331  000.100  000.100: require('luasnip.util.lazy_table')
044.435  000.103  000.103: require('luasnip.extras.filetype_functions')
044.439  000.316  000.113: require('luasnip.default_config')
044.440  000.420  000.104: require('luasnip.session')
044.441  001.168  000.528: require('luasnip.config')
045.113  000.211  000.211: require('vim.version')
045.796  000.999  000.787: require('luasnip.util.vimversion')
045.799  001.115  000.116: require('luasnip.util.util')
046.034  000.106  000.106: require('luasnip.nodes.key_indexer')
046.140  000.105  000.105: require('luasnip.util.feedkeys')
046.143  000.343  000.132: require('luasnip.nodes.util')
046.377  000.130  000.130: require('luasnip.session.snippet_collection.source')
046.488  000.110  000.110: require('luasnip.util.table')
046.602  000.113  000.113: require('luasnip.util.auto_table')
046.605  000.462  000.109: require('luasnip.session.snippet_collection')
046.914  000.098  000.098: require('luasnip.util.select')
047.009  000.094  000.094: require('luasnip.util.time')
047.165  000.451  000.259: require('luasnip.util._builtin_vars')
047.231  000.625  000.174: require('luasnip.util.environ')
047.336  000.105  000.105: require('luasnip.util.extend_decorator')
047.563  000.126  000.126: require('luasnip.util.path')
047.818  000.131  000.131: require('luasnip.util.log')
047.821  000.257  000.126: require('luasnip.loaders.util')
047.929  000.107  000.107: require('luasnip.loaders.data')
048.047  000.117  000.117: require('luasnip.loaders.fs_watchers')
048.051  000.714  000.108: require('luasnip.loaders')
048.061  003.617  000.254: require('luasnip')
048.082  005.726  000.212: sourcing /Users/bubba/devbox/.devbox/nvim/data/nvim/lazy/LuaSnip/plugin/luasnip.lua
048.085  005.772  000.046: sourcing nvim_exec2() called at /Users/bubba/devbox/.devbox/nvim/config/nvim/init.lua:0
048.241  000.110  000.110: sourcing /Users/bubba/devbox/.devbox/nvim/data/nvim/lazy/LuaSnip/plugin/luasnip.vim
048.243  000.154  000.044: sourcing nvim_exec2() called at /Users/bubba/devbox/.devbox/nvim/config/nvim/init.lua:0
048.247  000.001  000.001: sourcing nvim_exec2() called at /Users/bubba/devbox/.devbox/nvim/config/nvim/init.lua:0
048.252  000.001  000.001: sourcing nvim_exec2() called at /Users/bubba/devbox/.devbox/nvim/config/nvim/init.lua:0
048.923  000.278  000.278: require('lazydev')
049.029  000.105  000.105: require('lazydev.config')
049.146  000.113  000.113: require('lazydev.util')
049.483  000.137  000.137: require('blink.cmp')
049.693  000.102  000.102: require('blink.cmp.lib.async')
049.902  000.097  000.097: require('blink.cmp.config.utils')
049.994  000.090  000.090: require('blink.cmp.config.keymap')
050.203  000.098  000.098: require('blink.cmp.config.completion.keyword')
050.316  000.112  000.112: require('blink.cmp.config.completion.trigger')
050.424  000.107  000.107: require('blink.cmp.config.completion.list')
050.535  000.111  000.111: require('blink.cmp.config.completion.accept')
050.683  000.147  000.147: require('blink.cmp.config.completion.menu')
050.790  000.106  000.106: require('blink.cmp.config.completion.documentation')
050.903  000.112  000.112: require('blink.cmp.config.completion.ghost_text')
050.904  000.910  000.117: require('blink.cmp.config.completion')
051.032  000.127  000.127: require('blink.cmp.config.fuzzy')
051.157  000.124  000.124: require('blink.cmp.config.sources')
051.296  000.139  000.139: require('blink.cmp.config.signature')
051.413  000.116  000.116: require('blink.cmp.config.snippets')
051.519  000.105  000.105: require('blink.cmp.config.appearance')
051.632  000.112  000.112: require('blink.cmp.config.modes.cmdline')
051.730  000.097  000.097: require('blink.cmp.config.modes.term')
051.732  002.037  000.120: require('blink.cmp.config')
051.846  000.114  000.114: require('blink.cmp.lib.utils')
051.952  000.102  000.102: require('blink.cmp.lib.event_emitter')
051.957  002.473  000.118: require('blink.cmp.sources.lib')
051.967  002.699  000.088: sourcing /Users/bubba/devbox/.devbox/nvim/data/nvim/lazy/blink.cmp/plugin/blink-cmp.lua
051.969  002.743  000.045: sourcing nvim_exec2() called at /Users/bubba/devbox/.devbox/nvim/config/nvim/init.lua:0
051.980  000.001  000.001: sourcing nvim_exec2() called at /Users/bubba/devbox/.devbox/nvim/config/nvim/init.lua:0
051.992  000.001  000.001: sourcing nvim_exec2() called at /Users/bubba/devbox/.devbox/nvim/config/nvim/init.lua:0
052.133  000.107  000.107: require('blink-cmp')
053.128  000.139  000.139: require('blink.cmp.config.modes.types')
053.816  000.148  000.148: require('blink.cmp.fuzzy.download.system')
053.851  000.309  000.161: require('blink.cmp.fuzzy.download.files')
053.852  000.440  000.130: require('blink.cmp.fuzzy.download.git')
053.854  000.587  000.148: require('blink.cmp.fuzzy.download')
054.206  000.195  000.195: require('lspconfig.util')
054.216  000.281  000.086: sourcing /Users/bubba/devbox/.devbox/nvim/data/nvim/lazy/nvim-lspconfig/plugin/lspconfig.lua
054.219  000.326  000.044: sourcing nvim_exec2() called at /Users/bubba/devbox/.devbox/nvim/config/nvim/init.lua:0
054.223  000.001  000.001: sourcing nvim_exec2() called at /Users/bubba/devbox/.devbox/nvim/config/nvim/init.lua:0
054.230  000.001  000.001: sourcing nvim_exec2() called at /Users/bubba/devbox/.devbox/nvim/config/nvim/init.lua:0
054.488  000.111  000.111: require('mason.version')
054.494  000.237  000.127: require('mason-tool-installer')
054.722  000.107  000.107: require('mason-lspconfig.settings')
054.724  000.223  000.116: require('mason-lspconfig')
055.118  000.120  000.120: require('mason-core.async')
055.366  000.117  000.117: require('mason-core.async.control')
055.481  000.114  000.114: require('mason-core.result')
055.787  000.141  000.141: require('mason-core.async.uv')
055.796  000.314  000.172: require('mason-core.fs')
055.837  000.696  000.152: require('mason-registry.installer')
056.336  000.175  000.175: require('mason-core.optional')
056.984  000.328  000.328: require('mason-core.process')
057.118  000.133  000.133: require('mason-core.spawn')
057.120  000.636  000.175: require('mason-core.installer.managers.powershell')
057.122  000.784  000.148: require('mason-core.fetch')
057.223  000.100  000.100: require('mason-core.providers')
057.637  000.118  000.118: require('mason-core.purl')
057.642  000.221  000.103: require('mason-core.package.AbstractPackage')
058.099  000.124  000.124: require('mason-core.installer.compiler.expr')
058.103  000.240  000.116: require('mason-core.installer.compiler.link')
058.630  000.092  000.092: require('mason-core.installer.context.InstallContextCwd')
058.727  000.096  000.096: require('mason-core.installer.context.InstallContextFs')
058.822  000.094  000.094: require('mason-core.installer.context.InstallContextSpawn')
058.918  000.095  000.095: require('mason-core.receipt')
058.928  000.513  000.136: require('mason-core.installer.context')
058.929  000.619  000.106: require('mason-core.installer')
058.935  000.732  000.114: require('mason-core.installer.managers.std')
058.936  000.832  000.100: require('mason-core.installer.compiler.schemas')
059.029  000.092  000.092: require('mason-core.installer.compiler.util')
059.034  001.282  000.118: require('mason-core.installer.compiler')
059.131  000.096  000.096: require('mason-core.installer.linker')
059.133  001.490  000.112: require('mason-core.installer.InstallRunner')
059.237  000.103  000.103: require('mason-core.installer.UninstallRunner')
059.240  001.918  000.104: require('mason-core.package')
059.242  002.018  000.100: require('mason-registry.sources.util')
059.245  003.228  000.150: require('mason-registry.sources.github')
062.789  000.098  000.098: require('mason-lspconfig.mappings')
062.791  000.238  000.140: require('mason-lspconfig.features.automatic_enable')
066.041  000.104  000.104: require('mason-lspconfig.notify')
066.052  000.269  000.164: require('mason-lspconfig.api.command')
066.357  000.161  000.161: sourcing /nix/store/5f17cq0qjg5f8rrpxhwmxpar9vm6l7ah-neovim-unwrapped-0.11.5/share/nvim/runtime/plugin/editorconfig.lua
066.360  000.214  000.053: sourcing nvim_exec2() called at /Users/bubba/devbox/.devbox/nvim/config/nvim/init.lua:0
066.601  000.198  000.198: sourcing /nix/store/5f17cq0qjg5f8rrpxhwmxpar9vm6l7ah-neovim-unwrapped-0.11.5/share/nvim/runtime/plugin/gzip.vim
066.603  000.240  000.041: sourcing nvim_exec2() called at /Users/bubba/devbox/.devbox/nvim/config/nvim/init.lua:0
066.765  000.119  000.119: sourcing /nix/store/5f17cq0qjg5f8rrpxhwmxpar9vm6l7ah-neovim-unwrapped-0.11.5/share/nvim/runtime/plugin/man.lua
066.767  000.161  000.042: sourcing nvim_exec2() called at /Users/bubba/devbox/.devbox/nvim/config/nvim/init.lua:0
067.624  000.263  000.263: sourcing /nix/store/5f17cq0qjg5f8rrpxhwmxpar9vm6l7ah-neovim-unwrapped-0.11.5/share/nvim/runtime/pack/dist/opt/matchit/plugin/matchit.vim
067.634  000.827  000.564: sourcing /nix/store/5f17cq0qjg5f8rrpxhwmxpar9vm6l7ah-neovim-unwrapped-0.11.5/share/nvim/runtime/plugin/matchit.vim
067.636  000.867  000.039: sourcing nvim_exec2() called at /Users/bubba/devbox/.devbox/nvim/config/nvim/init.lua:0
067.891  000.214  000.214: sourcing /nix/store/5f17cq0qjg5f8rrpxhwmxpar9vm6l7ah-neovim-unwrapped-0.11.5/share/nvim/runtime/plugin/matchparen.vim
067.893  000.253  000.040: sourcing nvim_exec2() called at /Users/bubba/devbox/.devbox/nvim/config/nvim/init.lua:0
068.704  000.261  000.261: sourcing /nix/store/5f17cq0qjg5f8rrpxhwmxpar9vm6l7ah-neovim-unwrapped-0.11.5/share/nvim/runtime/pack/dist/opt/netrw/plugin/netrwPlugin.vim
068.713  000.778  000.517: sourcing /nix/store/5f17cq0qjg5f8rrpxhwmxpar9vm6l7ah-neovim-unwrapped-0.11.5/share/nvim/runtime/plugin/netrwPlugin.vim
068.715  000.818  000.040: sourcing nvim_exec2() called at /Users/bubba/devbox/.devbox/nvim/config/nvim/init.lua:0
068.905  000.145  000.145: sourcing /nix/store/5f17cq0qjg5f8rrpxhwmxpar9vm6l7ah-neovim-unwrapped-0.11.5/share/nvim/runtime/plugin/osc52.lua
068.907  000.190  000.045: sourcing nvim_exec2() called at /Users/bubba/devbox/.devbox/nvim/config/nvim/init.lua:0
069.196  000.105  000.105: sourcing /nix/store/8p2cxhz3jwd4w5vqrn2hfvihs61k57wr-neovim-0.11.5/rplugin.vim
069.255  000.304  000.199: sourcing /nix/store/5f17cq0qjg5f8rrpxhwmxpar9vm6l7ah-neovim-unwrapped-0.11.5/share/nvim/runtime/plugin/rplugin.vim
069.257  000.347  000.044: sourcing nvim_exec2() called at /Users/bubba/devbox/.devbox/nvim/config/nvim/init.lua:0
069.392  000.090  000.090: sourcing /nix/store/5f17cq0qjg5f8rrpxhwmxpar9vm6l7ah-neovim-unwrapped-0.11.5/share/nvim/runtime/plugin/shada.vim
069.394  000.134  000.043: sourcing nvim_exec2() called at /Users/bubba/devbox/.devbox/nvim/config/nvim/init.lua:0
069.525  000.083  000.083: sourcing /nix/store/5f17cq0qjg5f8rrpxhwmxpar9vm6l7ah-neovim-unwrapped-0.11.5/share/nvim/runtime/plugin/spellfile.vim
069.528  000.131  000.048: sourcing nvim_exec2() called at /Users/bubba/devbox/.devbox/nvim/config/nvim/init.lua:0
069.829  000.234  000.234: sourcing /nix/store/5f17cq0qjg5f8rrpxhwmxpar9vm6l7ah-neovim-unwrapped-0.11.5/share/nvim/runtime/plugin/tarPlugin.vim
069.832  000.295  000.060: sourcing nvim_exec2() called at /Users/bubba/devbox/.devbox/nvim/config/nvim/init.lua:0
070.073  000.170  000.170: sourcing /nix/store/5f17cq0qjg5f8rrpxhwmxpar9vm6l7ah-neovim-unwrapped-0.11.5/share/nvim/runtime/plugin/tohtml.lua
070.075  000.236  000.066: sourcing nvim_exec2() called at /Users/bubba/devbox/.devbox/nvim/config/nvim/init.lua:0
070.156  000.032  000.032: sourcing /nix/store/5f17cq0qjg5f8rrpxhwmxpar9vm6l7ah-neovim-unwrapped-0.11.5/share/nvim/runtime/plugin/tutor.vim
070.158  000.079  000.048: sourcing nvim_exec2() called at /Users/bubba/devbox/.devbox/nvim/config/nvim/init.lua:0
070.299  000.096  000.096: sourcing /nix/store/5f17cq0qjg5f8rrpxhwmxpar9vm6l7ah-neovim-unwrapped-0.11.5/share/nvim/runtime/plugin/zipPlugin.vim
070.301  000.141  000.045: sourcing nvim_exec2() called at /Users/bubba/devbox/.devbox/nvim/config/nvim/init.lua:0
070.394  061.368  016.405: sourcing /Users/bubba/devbox/.devbox/nvim/config/nvim/init.lua
070.398  001.222: sourcing vimrc file(s)
070.697  000.039  000.039: sourcing /nix/store/5f17cq0qjg5f8rrpxhwmxpar9vm6l7ah-neovim-unwrapped-0.11.5/share/nvim/runtime/filetype.lua
071.136  000.103  000.103: sourcing /nix/store/5f17cq0qjg5f8rrpxhwmxpar9vm6l7ah-neovim-unwrapped-0.11.5/share/nvim/runtime/syntax/synload.vim
071.186  000.400  000.297: sourcing /nix/store/5f17cq0qjg5f8rrpxhwmxpar9vm6l7ah-neovim-unwrapped-0.11.5/share/nvim/runtime/syntax/syntax.vim
071.193  000.356: inits 3
071.747  000.553: reading ShaDa
072.391  000.225  000.225: require('luasnip.util.directed_graph')
072.638  000.246  000.246: require('luasnip.session.enqueueable_operations')
072.642  000.767  000.296: require('luasnip.loaders.from_lua')
073.701  000.131  000.131: require('luasnip.util.events')
073.710  000.366  000.235: require('luasnip.nodes.node')
073.897  000.186  000.186: require('luasnip.nodes.insertNode')
074.013  000.115  000.115: require('luasnip.nodes.textNode')
074.123  000.109  000.109: require('luasnip.util.mark')
074.231  000.108  000.108: require('luasnip.util.pattern_tokenizer')
074.337  000.105  000.105: require('luasnip.util.dict')
075.578  000.042  000.042: require('jsregexp.core')
075.580  000.172  000.130: require('luasnip-jsregexp')
075.647  001.192  001.020: require('luasnip.util.jsregexp')
075.649  001.310  000.118: require('luasnip.nodes.util.trig_engines')
075.672  002.580  000.281: require('luasnip.nodes.snippet')
075.674  002.689  000.109: require('luasnip.nodes.duplicate')
075.676  002.818  000.129: require('luasnip.loaders.snippet_cache')
075.681  003.037  000.219: require('luasnip.loaders.from_snipmate')
076.398  000.128  000.128: require('luasnip.util.parser.neovim_ast')
076.533  000.113  000.113: require('luasnip.util.str')
076.538  000.387  000.146: require('luasnip.util.parser.ast_utils')
076.654  000.115  000.115: require('luasnip.nodes.functionNode')
076.873  000.218  000.218: require('luasnip.nodes.choiceNode')
077.087  000.213  000.213: require('luasnip.nodes.dynamicNode')
077.192  000.104  000.104: require('luasnip.util.functions')
077.196  001.164  000.126: require('luasnip.util.parser.ast_parser')
077.428  000.231  000.231: require('luasnip.util.parser.neovim_parser')
077.431  001.531  000.137: require('luasnip.util.parser')
077.542  000.110  000.110: require('luasnip.nodes.snippetProxy')
077.703  000.159  000.159: require('luasnip.util.jsonc')
077.709  002.026  000.227: require('luasnip.loaders.from_vscode')
077.755  000.178: opening buffers
077.786  000.031: BufEnter autocommands
077.788  000.002: editing files in windows
078.430  000.132  000.132: sourcing /Users/bubba/devbox/.devbox/nvim/data/nvim/lazy/plenary.nvim/plugin/plenary.vim
078.433  000.190  000.057: sourcing nvim_exec2() called at VimEnter Autocommands for "*":0
078.438  000.001  000.001: sourcing nvim_exec2() called at VimEnter Autocommands for "*":0
078.444  000.001  000.001: sourcing nvim_exec2() called at VimEnter Autocommands for "*":0
078.651  000.001  000.001: sourcing nvim_exec2() called at VimEnter Autocommands for "*":0
078.656  000.001  000.001: sourcing nvim_exec2() called at VimEnter Autocommands for "*":0
078.866  000.001  000.001: sourcing nvim_exec2() called at VimEnter Autocommands for "*":0
078.872  000.001  000.001: sourcing nvim_exec2() called at VimEnter Autocommands for "*":0
079.146  000.189  000.189: sourcing /Users/bubba/devbox/.devbox/nvim/data/nvim/lazy/telescope.nvim/plugin/telescope.lua
079.148  000.239  000.050: sourcing nvim_exec2() called at VimEnter Autocommands for "*":0
079.151  000.001  000.001: sourcing nvim_exec2() called at VimEnter Autocommands for "*":0
079.163  000.001  000.001: sourcing nvim_exec2() called at VimEnter Autocommands for "*":0
079.627  000.131  000.131: require('telescope._extensions')
079.630  000.462  000.332: require('telescope')
079.761  000.130  000.130: require('telescope.themes')
080.588  000.145  000.145: require('plenary.bit')
080.717  000.127  000.127: require('plenary.functional')
080.751  000.569  000.297: require('plenary.path')
080.770  000.737  000.169: require('plenary.strings')
081.256  000.188  000.188: require('plenary.log')
081.286  000.341  000.153: require('telescope.log')
082.006  000.204  000.204: require('plenary.compat')
082.015  000.513  000.309: require('plenary.job')
082.168  000.151  000.151: require('telescope.state')
082.417  000.235  000.235: require('vim.hl')
082.447  001.160  000.261: require('telescope.utils')
082.455  001.684  000.183: require('telescope.sorters')
084.178  004.386  001.964: require('telescope.config')
085.803  000.640  000.640: require('fzf_lib')
085.805  000.842  000.202: require('telescope._extensions.fzf')
085.956  000.138  000.138: require('telescope._extensions.ui-select')
086.817  000.137  000.137: require('plenary.tbl')
086.819  000.264  000.127: require('plenary.vararg.rotate')
086.820  000.371  000.107: require('plenary.vararg')
086.969  000.148  000.148: require('plenary.errors')
086.971  000.623  000.103: require('plenary.async.async')
087.403  000.103  000.103: require('plenary.async.structs')
087.406  000.211  000.108: require('plenary.async.control')
087.409  000.321  000.110: require('plenary.async.util')
087.411  000.439  000.117: require('plenary.async.tests')
087.412  001.168  000.106: require('plenary.async')
087.643  000.109  000.109: require('plenary.window.border')
087.832  000.188  000.188: require('plenary.window')
087.988  000.155  000.155: require('plenary.popup.utils')
087.990  000.577  000.125: require('plenary.popup')
088.559  000.121  000.121: require('telescope.pickers.scroller')
088.659  000.100  000.100: require('telescope.actions.state')
088.782  000.122  000.122: require('telescope.actions.utils')
088.993  000.102  000.102: require('telescope.actions.mt')
089.000  000.217  000.115: require('telescope.actions.set')
089.205  000.104  000.104: require('telescope.config.resolve')
089.206  000.205  000.102: require('telescope.pickers.entry_display')
089.304  000.097  000.097: require('telescope.from_entry')
089.382  001.392  000.530: require('telescope.actions')
089.516  000.132  000.132: require('telescope.debounce')
089.661  000.144  000.144: require('telescope.mappings')
089.772  000.110  000.110: require('telescope.pickers.highlights')
089.882  000.109  000.109: require('telescope.pickers.window')
089.979  000.096  000.096: require('telescope.pickers.layout')
090.174  000.097  000.097: require('telescope.algos.linked_list')
090.176  000.197  000.099: require('telescope.entry_manager')
090.275  000.098  000.098: require('telescope.pickers.multi')
090.282  004.315  000.293: require('telescope.pickers')
090.635  000.252  000.252: require('telescope.make_entry')
090.758  000.122  000.122: require('telescope.finders.async_static_finder')
091.097  000.125  000.125: require('plenary.class')
091.129  000.261  000.136: require('telescope._')
091.130  000.371  000.110: require('telescope.finders.async_oneshot_finder')
091.301  000.170  000.170: require('telescope.finders.async_job_finder')
091.304  001.021  000.107: require('telescope.finders')
091.510  000.202  000.202: require('vim.ui')
091.663  000.148  000.148: require('telescope.builtin')
091.956  000.112  000.112: sourcing /Users/bubba/devbox/.devbox/nvim/data/nvim/lazy/which-key.nvim/plugin/which-key.lua
091.960  000.177  000.065: sourcing nvim_exec2() called at VimEnter Autocommands for "*":0
091.965  000.002  000.002: sourcing nvim_exec2() called at VimEnter Autocommands for "*":0
091.970  000.001  000.001: sourcing nvim_exec2() called at VimEnter Autocommands for "*":0
092.570  000.570  000.570: require('which-key')
092.796  000.224  000.224: require('which-key.config')
093.166  000.135  000.135: sourcing /Users/bubba/devbox/.devbox/nvim/data/nvim/lazy/todo-comments.nvim/plugin/todo.vim
093.168  000.192  000.057: sourcing nvim_exec2() called at VimEnter Autocommands for "*":0
093.172  000.001  000.001: sourcing nvim_exec2() called at VimEnter Autocommands for "*":0
093.178  000.001  000.001: sourcing nvim_exec2() called at VimEnter Autocommands for "*":0
093.709  000.096  000.096: require('todo-comments.util')
093.714  000.216  000.119: require('todo-comments.config')
093.914  000.110  000.110: require('todo-comments.highlight')
093.915  000.200  000.090: require('todo-comments.jump')
093.917  000.715  000.300: require('todo-comments')
094.016  000.021  000.021: sourcing nvim_exec2() called at VimEnter Autocommands for "*":0
094.027  000.010  000.010: sourcing nvim_exec2() called at VimEnter Autocommands for "*":0
094.031  000.002  000.002: sourcing nvim_exec2() called at VimEnter Autocommands for "*":0
094.037  000.001  000.001: sourcing nvim_exec2() called at VimEnter Autocommands for "*":0
094.040  000.001  000.001: sourcing nvim_exec2() called at VimEnter Autocommands for "*":0
094.042  000.001  000.001: sourcing nvim_exec2() called at VimEnter Autocommands for "*":0
094.048  000.001  000.001: sourcing nvim_exec2() called at VimEnter Autocommands for "*":0
094.050  000.001  000.001: sourcing nvim_exec2() called at VimEnter Autocommands for "*":0
094.052  000.001  000.001: sourcing nvim_exec2() called at VimEnter Autocommands for "*":0
094.065  000.002  000.002: sourcing nvim_exec2() called at VimEnter Autocommands for "*":0
094.067  000.001  000.001: sourcing nvim_exec2() called at VimEnter Autocommands for "*":0
094.069  000.001  000.001: sourcing nvim_exec2() called at VimEnter Autocommands for "*":0
094.074  000.001  000.001: sourcing nvim_exec2() called at VimEnter Autocommands for "*":0
094.076  000.001  000.001: sourcing nvim_exec2() called at VimEnter Autocommands for "*":0
094.079  000.001  000.001: sourcing nvim_exec2() called at VimEnter Autocommands for "*":0
094.083  000.001  000.001: sourcing nvim_exec2() called at VimEnter Autocommands for "*":0
094.085  000.001  000.001: sourcing nvim_exec2() called at VimEnter Autocommands for "*":0
094.112  000.001  000.001: sourcing nvim_exec2() called at VimEnter Autocommands for "*":0
094.118  000.001  000.001: sourcing nvim_exec2() called at VimEnter Autocommands for "*":0
094.119  000.001  000.001: sourcing nvim_exec2() called at VimEnter Autocommands for "*":0
094.122  000.001  000.001: sourcing nvim_exec2() called at VimEnter Autocommands for "*":0
094.641  000.209  000.209: require('vim.treesitter.highlighter')
094.736  002.722: VimEnter autocommands
094.902  000.142  000.142: require('vim.termcap')
094.916  000.009  000.009: require('vim.text')
094.939  000.053: UIEnter autocommands
094.940  000.001: before starting main loop
095.320  000.380: first screen update
095.321  000.001: --- NVIM STARTED ---

